<?xml version="1.0" encoding="UTF-8"?>
<!-- Generated by org.testng.reporters.JUnitReportReporter -->
<testsuite name="base.Execution" tests="1" time="3.111" ignored="0" failures="0" timestamp="14 Oct 2018 16:58:06 GMT" skipped="0" hostname="Admin-PC" errors="0">
  <testcase name="gettest" time="3.111" classname="base.Execution"/>
</testsuite> <!-- base.Execution -->
